

Microchip Technology PIC18 LITE Macro Assembler V1.35 build -356382666 
                                                                                               Mon Mar 14 20:54:28 2016

Microchip Technology Omniscient Code Generator v1.35 (Free mode) build 201507080246
     1                           	processor	18F1320
     2                           	fnconf	rparam,??,?,0
     3                           	opt	pw 120
     4                           	opt	lm
     5                           	psect	idataCOMRAM,global,class=CODE,delta=1
     6                           	psect	cinit,global,reloc=2,class=CODE,delta=1
     7                           	psect	bssCOMRAM,global,class=COMRAM,space=1,delta=1
     8                           	psect	dataCOMRAM,global,class=COMRAM,space=1,delta=1
     9                           	psect	cstackCOMRAM,global,class=COMRAM,space=1,delta=1
    10                           	psect	text0,global,reloc=2,class=CODE,delta=1
    11                           	psect	text1,global,reloc=2,class=CODE,delta=1
    12                           	psect	text2,global,reloc=2,class=CODE,delta=1
    13                           	psect	text3,global,reloc=2,class=CODE,delta=1
    14                           	psect	intsave_regs,global,class=BIGRAM,space=1,delta=1
    15                           	psect	rparam,global,class=COMRAM,space=1,delta=1
    16  0000                     
    17                           	psect	idataCOMRAM
    18  001F24                     __pidataCOMRAM:
    19                           	opt stack 0
    20                           
    21                           ;initializer for _combinazioni
    22  001F24  22                 	db	34
    23  001F25  21                 	db	33
    24  001F26  11                 	db	17
    25  001F27  14                 	db	20
    26  001F28  0C                 	db	12
    27  001F29  0A                 	db	10
    28                           
    29                           ;initializer for _delay_quartz_frequency_value
    30  001F2A  14                 	db	20
    31                           
    32                           ;initializer for _ritardo
    33  001F2B  0A                 	db	10
    34  0000                     _LATA	set	3977
    35  0000                     _LATB	set	3978
    36  0000                     _PORTB	set	3969
    37  0000                     _TRISA	set	3986
    38  0000                     _TRISB	set	3987
    39                           
    40                           ; #config settings
    41  0000                     
    42                           	psect	cinit
    43  001F62                     __pcinit:
    44                           	opt stack 0
    45  001F62                     start_initialization:
    46                           	opt stack 0
    47  001F62                     __initialization:
    48                           	opt stack 0
    49                           
    50                           ; Clear objects allocated to COMRAM (3 bytes)
    51  001F62  6A14               	clrf	(__pbssCOMRAM+2)& (0+255),c
    52  001F64  6A13               	clrf	(__pbssCOMRAM+1)& (0+255),c
    53  001F66  6A12               	clrf	__pbssCOMRAM& (0+255),c
    54                           
    55                           ; Initialize objects allocated to COMRAM (8 bytes)
    56                           ; load TBLPTR registers with __pidataCOMRAM
    57  001F68  0E24               	movlw	low __pidataCOMRAM
    58  001F6A  6EF6               	movwf	tblptrl,c
    59  001F6C  0E1F               	movlw	high __pidataCOMRAM
    60  001F6E  6EF7               	movwf	tblptrh,c
    61  001F70  0E00               	movlw	low (__pidataCOMRAM shr (0+16))
    62  001F72  6EF8               	movwf	tblptru,c
    63  001F74  EE00  F00A         	lfsr	0,__pdataCOMRAM
    64  001F78  EE10 F008          	lfsr	1,8
    65  001F7C                     copy_data0:
    66  001F7C  0009               	tblrd		*+
    67  001F7E  CFF5 FFEE          	movff	tablat,postinc0
    68  001F82  50E5               	movf	postdec1,w,c
    69  001F84  50E1               	movf	fsr1l,w,c
    70  001F86  E1FA               	bnz	copy_data0
    71  001F88                     end_of_initialization:
    72                           	opt stack 0
    73  001F88                     __end_of__initialization:
    74                           	opt stack 0
    75  001F88  0100               	movlb	0
    76  001F8A  EFE0  F00F         	goto	_main	;jump to C main() function
    77                           tblptru	equ	0xFF8
    78                           tblptrh	equ	0xFF7
    79                           tblptrl	equ	0xFF6
    80                           tablat	equ	0xFF5
    81                           postinc0	equ	0xFEE
    82                           postdec1	equ	0xFE5
    83                           fsr1l	equ	0xFE1
    84                           
    85                           	psect	bssCOMRAM
    86  000012                     __pbssCOMRAM:
    87                           	opt stack 0
    88  000012                     _clock_counter_reference:
    89                           	opt stack 0
    90  000012                     	ds	2
    91  000014                     _giro:
    92                           	opt stack 0
    93  000014                     	ds	1
    94                           tblptru	equ	0xFF8
    95                           tblptrh	equ	0xFF7
    96                           tblptrl	equ	0xFF6
    97                           tablat	equ	0xFF5
    98                           postinc0	equ	0xFEE
    99                           postdec1	equ	0xFE5
   100                           fsr1l	equ	0xFE1
   101                           
   102                           	psect	dataCOMRAM
   103  00000A                     __pdataCOMRAM:
   104                           	opt stack 0
   105  00000A                     _combinazioni:
   106                           	opt stack 0
   107  00000A                     	ds	6
   108  000010                     _delay_quartz_frequency_value:
   109                           	opt stack 0
   110  000010                     	ds	1
   111  000011                     _ritardo:
   112                           	opt stack 0
   113  000011                     	ds	1
   114                           tblptru	equ	0xFF8
   115                           tblptrh	equ	0xFF7
   116                           tblptrl	equ	0xFF6
   117                           tablat	equ	0xFF5
   118                           postinc0	equ	0xFEE
   119                           postdec1	equ	0xFE5
   120                           fsr1l	equ	0xFE1
   121                           
   122                           	psect	cstackCOMRAM
   123  000001                     __pcstackCOMRAM:
   124                           	opt stack 0
   125  000001                     ?___wmul:
   126                           	opt stack 0
   127  000001                     ___wmul@multiplier:
   128                           	opt stack 0
   129                           
   130                           ; 2 bytes @ 0x0
   131  000001                     	ds	2
   132  000003                     ___wmul@multiplicand:
   133                           	opt stack 0
   134                           
   135                           ; 2 bytes @ 0x2
   136  000003                     	ds	2
   137  000005                     ___wmul@product:
   138                           	opt stack 0
   139                           
   140                           ; 2 bytes @ 0x4
   141  000005                     	ds	2
   142  000007                     delay_ms@value_ms:
   143                           	opt stack 0
   144                           
   145                           ; 2 bytes @ 0x6
   146  000007                     	ds	2
   147  000009                     main@i:
   148                           	opt stack 0
   149                           
   150                           ; 1 bytes @ 0x8
   151  000009                     	ds	1
   152                           tblptru	equ	0xFF8
   153                           tblptrh	equ	0xFF7
   154                           tblptrl	equ	0xFF6
   155                           tablat	equ	0xFF5
   156                           postinc0	equ	0xFEE
   157                           postdec1	equ	0xFE5
   158                           fsr1l	equ	0xFE1
   159                           
   160 ;;
   161 ;;Main: autosize = 0, tempsize = 0, incstack = 0, save=0
   162 ;;
   163 ;; *************** function _main *****************
   164 ;; Defined at:
   165 ;;		line 17 in file "brusles.c"
   166 ;; Parameters:    Size  Location     Type
   167 ;;		None
   168 ;; Auto vars:     Size  Location     Type
   169 ;;  i               1    8[COMRAM] unsigned char 
   170 ;; Return value:  Size  Location     Type
   171 ;;		None               void
   172 ;; Registers used:
   173 ;;		wreg, fsr2l, fsr2h, status,2, status,0, prodl, prodh, cstack
   174 ;; Tracked objects:
   175 ;;		On entry : 0/0
   176 ;;		On exit  : 0/0
   177 ;;		Unchanged: 0/0
   178 ;; Data sizes:     COMRAM   BANK0
   179 ;;      Params:         0       0
   180 ;;      Locals:         1       0
   181 ;;      Temps:          0       0
   182 ;;      Totals:         1       0
   183 ;;Total ram usage:        1 bytes
   184 ;; Hardware stack levels required when called:    2
   185 ;; This function calls:
   186 ;;		_configurazione
   187 ;;		_delay_ms
   188 ;; This function is called by:
   189 ;;		Startup code after reset
   190 ;; This function uses a non-reentrant model
   191 ;;
   192                           
   193                           	psect	text0
   194  001FC0                     __ptext0:
   195                           	opt stack 0
   196  001FC0                     _main:
   197                           	opt stack 29
   198                           
   199                           ;brusles.c: 18: configurazione();
   200                           
   201                           ;incstack = 0
   202  001FC0  EC96  F00F         	call	_configurazione	;wreg free
   203                           
   204                           ;brusles.c: 19: ritardo = 10;
   205  001FC4  0E0A               	movlw	10
   206  001FC6  6E11               	movwf	_ritardo,c
   207  001FC8                     l723:
   208                           
   209                           ;brusles.c: 21: for (unsigned char i = 0; i < 6; i++) {
   210  001FC8  0E00               	movlw	0
   211  001FCA  6E09               	movwf	main@i,c
   212  001FCC                     l725:
   213  001FCC  0E05               	movlw	5
   214  001FCE  6409               	cpfsgt	main@i,c
   215  001FD0  D001               	goto	l729
   216  001FD2  D011               	goto	l737
   217  001FD4                     l729:
   218                           
   219                           ;brusles.c: 22: PORTB = combinazioni [i];
   220  001FD4  5009               	movf	main@i,w,c
   221  001FD6  0D01               	mullw	1
   222  001FD8  0E0A               	movlw	low _combinazioni
   223  001FDA  24F3               	addwf	prodl,w,c
   224  001FDC  6ED9               	movwf	fsr2l,c
   225  001FDE  0E00               	movlw	high _combinazioni
   226  001FE0  20F4               	addwfc	prodh,w,c
   227  001FE2  6EDA               	movwf	fsr2h,c
   228  001FE4  50DF               	movf	indf2,w,c
   229  001FE6  6E81               	movwf	3969,c	;volatile
   230                           
   231                           ;brusles.c: 23: delay_ms(ritardo);
   232  001FE8  C011  F007         	movff	_ritardo,delay_ms@value_ms
   233  001FEC  6A08               	clrf	delay_ms@value_ms+1,c
   234  001FEE  ECC7  F00F         	call	_delay_ms	;wreg free
   235  001FF2  2A09               	incf	main@i,f,c
   236  001FF4  D7EB               	goto	l725
   237  001FF6                     l737:
   238                           
   239                           ;brusles.c: 26: ritardo = ritardo--;
   240  001FF6  0E03               	movlw	3
   241  001FF8  6E14               	movwf	_giro,c
   242  001FFA  0611               	decf	_ritardo,f,c
   243                           
   244                           ;brusles.c: 27: }
   245                           ;brusles.c: 28: giro = giro++;
   246  001FFC  2A14               	incf	_giro,f,c
   247  001FFE  D7E4               	goto	l723
   248  002000                     __end_of_main:
   249                           	opt stack 0
   250                           tblptru	equ	0xFF8
   251                           tblptrh	equ	0xFF7
   252                           tblptrl	equ	0xFF6
   253                           tablat	equ	0xFF5
   254                           prodh	equ	0xFF4
   255                           prodl	equ	0xFF3
   256                           postinc0	equ	0xFEE
   257                           postdec1	equ	0xFE5
   258                           fsr1l	equ	0xFE1
   259                           indf2	equ	0xFDF
   260                           fsr2h	equ	0xFDA
   261                           fsr2l	equ	0xFD9
   262                           
   263 ;; *************** function _delay_ms *****************
   264 ;; Defined at:
   265 ;;		line 61 in file "../../LaurTec_PIC_libraries_v_3.3.0/src\delay.c"
   266 ;; Parameters:    Size  Location     Type
   267 ;;  value_ms        2    6[COMRAM] unsigned int 
   268 ;; Auto vars:     Size  Location     Type
   269 ;;		None
   270 ;; Return value:  Size  Location     Type
   271 ;;		None               void
   272 ;; Registers used:
   273 ;;		wreg, status,2, status,0, prodl, prodh, cstack
   274 ;; Tracked objects:
   275 ;;		On entry : 0/0
   276 ;;		On exit  : 0/0
   277 ;;		Unchanged: 0/0
   278 ;; Data sizes:     COMRAM   BANK0
   279 ;;      Params:         2       0
   280 ;;      Locals:         0       0
   281 ;;      Temps:          0       0
   282 ;;      Totals:         2       0
   283 ;;Total ram usage:        2 bytes
   284 ;; Hardware stack levels used:    1
   285 ;; Hardware stack levels required when called:    1
   286 ;; This function calls:
   287 ;;		___wmul
   288 ;; This function is called by:
   289 ;;		_main
   290 ;;		_delay_s
   291 ;; This function uses a non-reentrant model
   292 ;;
   293                           
   294                           	psect	text1
   295  001F8E                     __ptext1:
   296                           	opt stack 0
   297  001F8E                     _delay_ms:
   298                           	opt stack 29
   299                           
   300                           ;src\delay.c: 73: clock_counter_reference = value_ms * delay_quartz_frequency_value;
   301                           
   302                           ;incstack = 0
   303  001F8E  C010  F001         	movff	_delay_quartz_frequency_value,___wmul@multiplier	;volatile
   304  001F92  6A02               	clrf	___wmul@multiplier+1,c
   305  001F94  C007  F003         	movff	delay_ms@value_ms,___wmul@multiplicand
   306  001F98  C008  F004         	movff	delay_ms@value_ms+1,___wmul@multiplicand+1
   307  001F9C  EC9E  F00F         	call	___wmul	;wreg free
   308  001FA0  C001  F012         	movff	?___wmul,_clock_counter_reference	;volatile
   309  001FA4  C002  F013         	movff	?___wmul+1,_clock_counter_reference+1	;volatile
   310                           
   311                           ;src\delay.c: 75: while (clock_counter_reference) {
   312  001FA8  D006               	goto	l21
   313  001FAA                     l707:
   314                           
   315                           ;src\delay.c: 85: _delay(240);
   316  001FAA  0E50               	movlw	80
   317  001FAC                     u97:
   318  001FAC  2EE8               	decfsz	wreg,f,c
   319  001FAE  D7FE               	goto	u97
   320                           
   321                           ;src\delay.c: 88: clock_counter_reference--;
   322  001FB0  0612               	decf	_clock_counter_reference,f,c	;volatile
   323  001FB2  A0D8               	btfss	status,0,c
   324  001FB4  0613               	decf	_clock_counter_reference+1,f,c	;volatile
   325  001FB6                     l21:
   326  001FB6  5012               	movf	_clock_counter_reference,w,c	;volatile
   327  001FB8  1013               	iorwf	_clock_counter_reference+1,w,c	;volatile
   328  001FBA  B4D8               	btfsc	status,2,c
   329  001FBC  0012               	return	
   330  001FBE  D7F5               	goto	l707
   331  001FC0                     __end_of_delay_ms:
   332                           	opt stack 0
   333                           tblptru	equ	0xFF8
   334                           tblptrh	equ	0xFF7
   335                           tblptrl	equ	0xFF6
   336                           tablat	equ	0xFF5
   337                           prodh	equ	0xFF4
   338                           prodl	equ	0xFF3
   339                           postinc0	equ	0xFEE
   340                           wreg	equ	0xFE8
   341                           postdec1	equ	0xFE5
   342                           fsr1l	equ	0xFE1
   343                           indf2	equ	0xFDF
   344                           fsr2h	equ	0xFDA
   345                           fsr2l	equ	0xFD9
   346                           status	equ	0xFD8
   347                           
   348 ;; *************** function ___wmul *****************
   349 ;; Defined at:
   350 ;;		line 15 in file "C:\Program Files (x86)\Microchip\xc8\v1.35\sources\common\Umul16.c"
   351 ;; Parameters:    Size  Location     Type
   352 ;;  multiplier      2    0[COMRAM] unsigned int 
   353 ;;  multiplicand    2    2[COMRAM] unsigned int 
   354 ;; Auto vars:     Size  Location     Type
   355 ;;  product         2    4[COMRAM] unsigned int 
   356 ;; Return value:  Size  Location     Type
   357 ;;                  2    0[COMRAM] unsigned int 
   358 ;; Registers used:
   359 ;;		wreg, status,2, status,0, prodl, prodh
   360 ;; Tracked objects:
   361 ;;		On entry : 0/0
   362 ;;		On exit  : 0/0
   363 ;;		Unchanged: 0/0
   364 ;; Data sizes:     COMRAM   BANK0
   365 ;;      Params:         4       0
   366 ;;      Locals:         2       0
   367 ;;      Temps:          0       0
   368 ;;      Totals:         6       0
   369 ;;Total ram usage:        6 bytes
   370 ;; Hardware stack levels used:    1
   371 ;; This function calls:
   372 ;;		Nothing
   373 ;; This function is called by:
   374 ;;		_delay_ms
   375 ;; This function uses a non-reentrant model
   376 ;;
   377                           
   378                           	psect	text2
   379  001F3C                     __ptext2:
   380                           	opt stack 0
   381  001F3C                     ___wmul:
   382                           	opt stack 29
   383                           
   384                           ;incstack = 0
   385  001F3C  5001               	movf	___wmul@multiplier,w,c
   386  001F3E  0203               	mulwf	___wmul@multiplicand,c
   387  001F40  CFF3 F005          	movff	prodl,___wmul@product
   388  001F44  CFF4 F006          	movff	prodh,___wmul@product+1
   389  001F48  5001               	movf	___wmul@multiplier,w,c
   390  001F4A  0204               	mulwf	___wmul@multiplicand+1,c
   391  001F4C  50F3               	movf	prodl,w,c
   392  001F4E  2606               	addwf	___wmul@product+1,f,c
   393  001F50  5002               	movf	___wmul@multiplier+1,w,c
   394  001F52  0203               	mulwf	___wmul@multiplicand,c
   395  001F54  50F3               	movf	prodl,w,c
   396  001F56  2606               	addwf	___wmul@product+1,f,c
   397  001F58  C005  F001         	movff	___wmul@product,?___wmul
   398  001F5C  C006  F002         	movff	___wmul@product+1,?___wmul+1
   399  001F60  0012               	return	
   400  001F62                     __end_of___wmul:
   401                           	opt stack 0
   402                           tblptru	equ	0xFF8
   403                           tblptrh	equ	0xFF7
   404                           tblptrl	equ	0xFF6
   405                           tablat	equ	0xFF5
   406                           prodh	equ	0xFF4
   407                           prodl	equ	0xFF3
   408                           postinc0	equ	0xFEE
   409                           wreg	equ	0xFE8
   410                           postdec1	equ	0xFE5
   411                           fsr1l	equ	0xFE1
   412                           indf2	equ	0xFDF
   413                           fsr2h	equ	0xFDA
   414                           fsr2l	equ	0xFD9
   415                           status	equ	0xFD8
   416                           
   417 ;; *************** function _configurazione *****************
   418 ;; Defined at:
   419 ;;		line 32 in file "brusles.c"
   420 ;; Parameters:    Size  Location     Type
   421 ;;		None
   422 ;; Auto vars:     Size  Location     Type
   423 ;;		None
   424 ;; Return value:  Size  Location     Type
   425 ;;		None               void
   426 ;; Registers used:
   427 ;;		wreg, status,2
   428 ;; Tracked objects:
   429 ;;		On entry : 0/0
   430 ;;		On exit  : 0/0
   431 ;;		Unchanged: 0/0
   432 ;; Data sizes:     COMRAM   BANK0
   433 ;;      Params:         0       0
   434 ;;      Locals:         0       0
   435 ;;      Temps:          0       0
   436 ;;      Totals:         0       0
   437 ;;Total ram usage:        0 bytes
   438 ;; Hardware stack levels used:    1
   439 ;; This function calls:
   440 ;;		Nothing
   441 ;; This function is called by:
   442 ;;		_main
   443 ;; This function uses a non-reentrant model
   444 ;;
   445                           
   446                           	psect	text3
   447  001F2C                     __ptext3:
   448                           	opt stack 0
   449  001F2C                     _configurazione:
   450                           	opt stack 30
   451                           
   452                           ;brusles.c: 33: LATA = 0x00;
   453                           
   454                           ;incstack = 0
   455  001F2C  0E00               	movlw	0
   456  001F2E  6E89               	movwf	3977,c	;volatile
   457                           
   458                           ;brusles.c: 34: TRISA = 0xff;
   459  001F30  6892               	setf	3986,c	;volatile
   460                           
   461                           ;brusles.c: 36: LATB = 0x00;
   462  001F32  0E00               	movlw	0
   463  001F34  6E8A               	movwf	3978,c	;volatile
   464                           
   465                           ;brusles.c: 37: TRISB = 0x00;
   466  001F36  0E00               	movlw	0
   467  001F38  6E93               	movwf	3987,c	;volatile
   468  001F3A  0012               	return		;funcret
   469  001F3C                     __end_of_configurazione:
   470                           	opt stack 0
   471  0000                     tblptru	equ	0xFF8
   472                           tblptrh	equ	0xFF7
   473                           tblptrl	equ	0xFF6
   474                           tablat	equ	0xFF5
   475                           prodh	equ	0xFF4
   476                           prodl	equ	0xFF3
   477                           postinc0	equ	0xFEE
   478                           wreg	equ	0xFE8
   479                           postdec1	equ	0xFE5
   480                           fsr1l	equ	0xFE1
   481                           indf2	equ	0xFDF
   482                           fsr2h	equ	0xFDA
   483                           fsr2l	equ	0xFD9
   484                           status	equ	0xFD8
   485                           tblptru	equ	0xFF8
   486                           tblptrh	equ	0xFF7
   487                           tblptrl	equ	0xFF6
   488                           tablat	equ	0xFF5
   489                           prodh	equ	0xFF4
   490                           prodl	equ	0xFF3
   491                           postinc0	equ	0xFEE
   492                           wreg	equ	0xFE8
   493                           postdec1	equ	0xFE5
   494                           fsr1l	equ	0xFE1
   495                           indf2	equ	0xFDF
   496                           fsr2h	equ	0xFDA
   497                           fsr2l	equ	0xFD9
   498                           status	equ	0xFD8
   499                           
   500                           	psect	rparam
   501  0000                     tblptru	equ	0xFF8
   502                           tblptrh	equ	0xFF7
   503                           tblptrl	equ	0xFF6
   504                           tablat	equ	0xFF5
   505                           prodh	equ	0xFF4
   506                           prodl	equ	0xFF3
   507                           postinc0	equ	0xFEE
   508                           wreg	equ	0xFE8
   509                           postdec1	equ	0xFE5
   510                           fsr1l	equ	0xFE1
   511                           indf2	equ	0xFDF
   512                           fsr2h	equ	0xFDA
   513                           fsr2l	equ	0xFD9
   514                           status	equ	0xFD8


Data Sizes:
    Strings     0
    Constant    0
    Data        8
    BSS         3
    Persistent  0
    Stack       0

Auto Spaces:
    Space          Size  Autos    Used
    COMRAM          127      9      20
    BANK0           128      0       0

Pointer List with Targets:

    None.

Critical Paths under _main in COMRAM

    _main->_delay_ms
    _delay_ms->___wmul

Critical Paths under _main in BANK0

    None.

Call Graph Tables:

 ---------------------------------------------------------------------------------
 (Depth) Function   	        Calls       Base Space   Used Autos Params    Refs
 ---------------------------------------------------------------------------------
 (0) _main                                                 1     1      0     421
                                              8 COMRAM     1     1      0
                     _configurazione
                           _delay_ms
 ---------------------------------------------------------------------------------
 (1) _delay_ms                                             2     0      2     353
                                              6 COMRAM     2     0      2
                             ___wmul
 ---------------------------------------------------------------------------------
 (2) ___wmul                                               6     2      4     245
                                              0 COMRAM     6     2      4
 ---------------------------------------------------------------------------------
 (1) _configurazione                                       0     0      0       0
 ---------------------------------------------------------------------------------
 Estimated maximum stack depth 2
 ---------------------------------------------------------------------------------

 Call Graph Graphs:

 _main (ROOT)
   _configurazione
   _delay_ms
     ___wmul

 Address spaces:
Name               Size   Autos  Total    Cost      Usage
EEDATA             100      0       0       0        0.0%
BIGRAM              FF      0       0       6        0.0%
BITBANK0            80      0       0       3        0.0%
BANK0               80      0       0       4        0.0%
BITCOMRAM           7F      0       0       0        0.0%
COMRAM              7F      9      14       1       15.7%
BITSFR               0      0       0      40        0.0%
SFR                  0      0       0      40        0.0%
STACK                0      0       0       2        0.0%
NULL                 0      0       0       0        0.0%
ABS                  0      0      14       5        0.0%
DATA                 0      0      14       7        0.0%
CODE                 0      0       0       0        0.0%


Microchip Technology PIC18 Macro Assembler V1.35 build -356382666 
Symbol Table                                                                                   Mon Mar 14 20:54:28 2016

                          l21 1FB6                            u97 1FAC                   __CFG_BOR$ON 000000  
         ___wmul@multiplicand 0003                  __CFG_CP0$OFF 000000                  __CFG_CP1$OFF 000000  
                 __CFG_OSC$HS 000000                           l707 1FAA                           l723 1FC8  
                         l725 1FCC                           l737 1FF6                           l729 1FD4  
                __CFG_CPB$OFF 000000                  __CFG_CPD$OFF 000000                           prod 000FF3  
                         wreg 000FE8                  __CFG_FSCM$ON 000000                  __CFG_IESO$ON 000000  
             ?_configurazione 0001                  __CFG_LVP$OFF 000000                  __CFG_WDT$OFF 000000  
                        _LATA 000F89                          _LATB 000F8A                  __CFG_STVR$ON 000000  
                        _main 1FC0                          _giro 0014                          fsr1l 000FE1  
                        indf2 000FDF                          fsr2l 000FD9                          prodh 000FF4  
                        prodl 000FF3                          start 0002                 __CFG_MCLRE$ON 000000  
                ___param_bank 000010                         ?_main 0001                         _PORTB 000F81  
                       _TRISA 000F92                         _TRISB 000F93                 __CFG_PWRT$OFF 000000  
               __CFG_WRT0$OFF 000000                 __CFG_WRT1$OFF 000000                __CFG_EBTR0$OFF 000000  
              __CFG_EBTR1$OFF 000000                 __CFG_WRTB$OFF 000000                 __CFG_WRTC$OFF 000000  
               __CFG_WRTD$OFF 000000                __CFG_EBTRB$OFF 000000                         main@i 0009  
                       tablat 000FF5                         status 000FD8               __initialization 1F62  
                __end_of_main 2000                        ??_main 0009                 __activetblptr 000000  
            __end_of_delay_ms 1FC0                        ___wmul 1F3C                  __pdataCOMRAM 000A  
                      tblptrh 000FF7                        tblptrl 000FF6                        tblptru 000FF8  
                  __accesstop 0080       __end_of__initialization 1F88                 ___rparam_used 000001  
              __pcstackCOMRAM 0001              ??_configurazione 0001                       ?___wmul 0001  
                   ?_delay_ms 0007                       __Hparam 0000                       __Lparam 0000  
            delay_ms@value_ms 0007               __size_of___wmul 0026                       __pcinit 1F62  
                     __ramtop 0100                       __ptext0 1FC0                       __ptext1 1F8E  
                     __ptext2 1F3C                       __ptext3 1F2C                    ??_delay_ms 0009  
                     _ritardo 0011          end_of_initialization 1F88                  _combinazioni 000A  
                     postdec1 000FE5                       postinc0 000FEE       _clock_counter_reference 0012  
              __end_of___wmul 1F62                 __pidataCOMRAM 1F24           start_initialization 1F62  
                    ??___wmul 0005                   __pbssCOMRAM 0012             __size_of_delay_ms 0032  
     __size_of_configurazione 0010                ___wmul@product 0005  _delay_quartz_frequency_value 0010  
            __CFG_WDTPS$32768 000000             ___wmul@multiplier 0001                     copy_data0 1F7C  
                    __Hrparam 0000                      __Lrparam 0000                      _delay_ms 1F8E  
               __size_of_main 0040                _configurazione 1F2C        __end_of_configurazione 1F3C  
